<?xml version="1.0" encoding="UTF-8"?>
<!-- Generated by org.testng.reporters.JUnitReportReporter -->
<testsuite hostname="Sharlyn" failures="0" tests="1" name="sharlynzarate.tests.ErrorValidations" time="26.391" errors="0" timestamp="2023-10-17T20:49:50 PST" skipped="0">
  <testcase classname="sharlynzarate.tests.ErrorValidations" name="productErrorValidation" time="26.391"/>
</testsuite> <!-- sharlynzarate.tests.ErrorValidations -->
