<?xml version="1.0" encoding="UTF-8"?>
<!-- Generated by org.testng.reporters.JUnitReportReporter -->
<testsuite hostname="Sharlyn" failures="0" tests="1" name="cucumber.TestNGTestRunner" time="30.735" errors="0" timestamp="2023-11-09T00:57:24 PST" skipped="0">
  <testcase classname="cucumber.TestNGTestRunner" name="runScenario" time="30.735"/>
</testsuite> <!-- cucumber.TestNGTestRunner -->
