<?xml version="1.0" encoding="UTF-8"?>
<!-- Generated by org.testng.reporters.JUnitReportReporter -->
<testsuite hostname="Sharlyn" failures="0" tests="2" name="sharlynzarate.tests.ErrorValidationsTest" time="49.292" errors="0" timestamp="2023-11-07T10:28:16 PST" skipped="0">
  <testcase classname="sharlynzarate.tests.ErrorValidationsTest" name="productErrorValidation" time="42.238"/>
  <testcase classname="sharlynzarate.tests.ErrorValidationsTest" name="loginErrorValidation" time="7.054"/>
</testsuite> <!-- sharlynzarate.tests.ErrorValidationsTest -->
