<?xml version="1.0" encoding="UTF-8"?>
<!-- Generated by org.testng.reporters.JUnitReportReporter -->
<testsuite hostname="Sharlyn" failures="0" tests="4" name="sharlynzarate.tests.SubmitOrderTest" time="90.263" errors="0" timestamp="2023-11-07T10:28:16 PST" skipped="0">
  <testcase classname="sharlynzarate.tests.SubmitOrderTest" name="submitOrder" time="26.619"/>
  <testcase classname="sharlynzarate.tests.SubmitOrderTest" name="submitOrder" time="29.403"/>
  <testcase classname="sharlynzarate.tests.SubmitOrderTest" name="orderHistoryTest" time="7.855"/>
  <testcase classname="sharlynzarate.tests.SubmitOrderTest" name="submitOrder" time="26.386"/>
</testsuite> <!-- sharlynzarate.tests.SubmitOrderTest -->
