<?xml version="1.0" encoding="UTF-8"?>
<!-- Generated by org.testng.reporters.JUnitReportReporter -->
<testsuite hostname="Sharlyn" failures="0" tests="4" name="sharlynzarate.tests.SubmitOrderTest" time="83.807" errors="0" timestamp="2023-11-07T13:25:29 PST" skipped="0">
  <testcase classname="sharlynzarate.tests.SubmitOrderTest" name="orderHistoryTest" time="7.159"/>
  <testcase classname="sharlynzarate.tests.SubmitOrderTest" name="submitOrder" time="25.263"/>
  <testcase classname="sharlynzarate.tests.SubmitOrderTest" name="submitOrder" time="26.127"/>
  <testcase classname="sharlynzarate.tests.SubmitOrderTest" name="submitOrder" time="25.258"/>
</testsuite> <!-- sharlynzarate.tests.SubmitOrderTest -->
